Arguments: 
  C:\Program Files\nodejs\node.exe C:\Users\leo12\AppData\Roaming\npm\node_modules\yarn\bin\yarn.js add metro-react-native-babel-preset --dev

PATH: 
  C:\Python27\;C:\Program Files\Java\zulu11.45.27-ca-jdk11.0.10-win_x64\bin;C:\ProgramData\ComposerSetup\bin;C:\ProgramData\chocolatey\bin;C:\Users\leo12\AppData\Local\Yarn\bin;C:\Users\leo12\AppData\Local\Android\Sdk\emulator;C:\Users\leo12\AppData\Local\Android\Sdk\tools;C:\Python27\Scripts;C:\Program Files\Common Files\Oracle\Java\javapath;C:\ProgramData\Oracle\Java\javapath;C:\WINDOWS\system32;C:\WINDOWS;C:\WINDOWS\System32\Wbem;C:\WINDOWS\System32\WindowsPowerShell\v1.0\;C:\WINDOWS\System32\OpenSSH\;C:\Program Files\Microsoft SQL Server\130\Tools\Binn\;C:\Program Files\nodejs\;C:\Program Files\Git\cmd;C:\Program Files\dotnet\;C:\Users\leo12\Downloads\php-7.4.11-nts-Win32-vc15-x64;C:\Users\leo12\AppData\Local\Android\Sdk\tools\bin;C:\Users\leo12\AppData\Local\Android\Sdk\platform-tools;C:\Users\leo12\AppData\Local\Microsoft\WindowsApps;C:\Users\leo12\AppData\Local\Programs\Microsoft VS Code\bin;C:\Users\leo12\AppData\Local\GitHubDesktop\bin;C:\Users\leo12\AppData\Roaming\npm;C:\Users\leo12\AppData\Local\Yarn\bin;C:\Users\leo12\AppData\Local\Microsoft\WindowsApps;C:\Users\leo12\.dotnet\tools;C:\xampp\php;C:\Users\leo12\AppData\Roaming\Composer\vendor\bin;

Yarn version: 
  1.22.10

Node version: 
  12.18.3

Platform: 
  win32 x64

Trace: 
  Error: https://registry.yarnpkg.com/reac-navigation: Not found
      at Request.params.callback [as _callback] (C:\Users\leo12\AppData\Roaming\npm\node_modules\yarn\lib\cli.js:66988:18)
      at Request.self.callback (C:\Users\leo12\AppData\Roaming\npm\node_modules\yarn\lib\cli.js:140662:22)
      at Request.emit (events.js:315:20)
      at Request.<anonymous> (C:\Users\leo12\AppData\Roaming\npm\node_modules\yarn\lib\cli.js:141634:10)
      at Request.emit (events.js:315:20)
      at IncomingMessage.<anonymous> (C:\Users\leo12\AppData\Roaming\npm\node_modules\yarn\lib\cli.js:141556:12)
      at Object.onceWrapper (events.js:421:28)
      at IncomingMessage.emit (events.js:327:22)
      at endReadableNT (_stream_readable.js:1220:12)
      at processTicksAndRejections (internal/process/task_queues.js:84:21)

npm manifest: 
  {
    "main": "node_modules/expo/AppEntry.js",
    "scripts": {
      "start": "expo start",
      "android": "expo start --android",
      "ios": "expo start --ios",
      "web": "expo start --web",
      "eject": "expo eject"
    },
    "dependencies": {
      "@react-navigation/bottom-tabs": "^5.11.8",
      "@react-navigation/native": "^5.9.3",
      "axios": "0.18.0",
      "expo": "~40.0.0",
      "expo-status-bar": "~1.0.3",
      "reac-navigation": "2.14.2",
      "react": "16.13.1",
      "react-dom": "16.13.1",
      "react-native": "https://github.com/expo/react-native/archive/sdk-40.0.1.tar.gz",
      "react-native-gravatar": "1.0.2",
      "react-native-image-picker": "0.27.1",
      "react-native-vector-icons": "5.0.0",
      "react-native-web": "~0.13.12",
      "react-redux": "5.0.7",
      "redux": "4.0.0",
      "redux-thunk": "2.3.0"
    },
    "devDependencies": {
      "@babel/core": "~7.9.0"
    },
    "private": true
  }

yarn manifest: 
  No manifest

Lockfile: 
  # THIS IS AN AUTOGENERATED FILE. DO NOT EDIT THIS FILE DIRECTLY.
  # yarn lockfile v1
